<?xml version="1.0" encoding="UTF-8"?>
<!-- Generated by org.testng.reporters.JUnitXMLReporter -->
<testsuite ignored="0" hostname="DESKTOP-MUSQ4S1" failures="1" tests="2" name="Surefire test" time="36.804" errors="0" timestamp="2025-08-06T18:14:47 IST">
  <testcase classname="io.cucumber.testng.AbstractTestNGCucumberTests" name="runScenario" time="16.812"/>
  <testcase classname="io.cucumber.testng.AbstractTestNGCucumberTests" name="runScenario" time="31.384">
    <failure type="java.lang.NullPointerException" message="Cannot invoke &amp;quot;org.openqa.selenium.WebDriver.getClass()&amp;quot; because &amp;quot;exceptionDriver&amp;quot; is null">
      <![CDATA[java.lang.NullPointerException: Cannot invoke "org.openqa.selenium.WebDriver.getClass()" because "exceptionDriver" is null
at org.openqa.selenium.support.ui.WebDriverWait.timeoutException(WebDriverWait.java:85)
at org.openqa.selenium.support.ui.FluentWait.until(FluentWait.java:228)
at com.teknotrait.webautomation.webActions.WebPageActions.waitForElementToBeClickable(WebPageActions.java:580)
at com.teknotrait.webautomation.pages.HomePage.inActiveStatus(HomePage.java:70)
at com.teknotrait.webautomation.stepDefinitions.Test2.verify_all_the_records_displayed_should_be_inactive(Test2.java:45)
at ✽.Verify all the records displayed should be inactive(file:///C:/Users/Teknotrait%20Solutions/eclipse-workspace/Abinaya/tekno-automate/src/test/resources/featureFile/Test2.feature:28)
]]>
    </failure>
  </testcase> <!-- runScenario -->
</testsuite> <!-- Surefire test -->
