<?xml version="1.0" encoding="UTF-8"?>
<!-- Generated by org.testng.reporters.JUnitXMLReporter -->
<testsuite ignored="0" hostname="DESKTOP-MUSQ4S1" failures="1" tests="1" name="Default test" time="24.548" errors="0" timestamp="2025-07-30T16:39:05 IST">
  <testcase classname="io.cucumber.testng.AbstractTestNGCucumberTests" name="runScenario" time="20.167">
    <failure type="io.cucumber.java.PendingException" message="TODO: implement me">
      <![CDATA[io.cucumber.java.PendingException: TODO: implement me
at com.teknotrait.webautomation.stepDefinitions.StepDefinitions.enter_the_text(StepDefinitions.java:26)
at ✽.Enter the text(file:///C:/Users/Teknotrait%20Solutions/eclipse-workspace/Abinaya/tekno-automate/src/test/resources/featureFile/Test1.feature:26)
]]>
    </failure>
  </testcase> <!-- runScenario -->
</testsuite> <!-- Default test -->
