<?xml version="1.0" encoding="UTF-8"?>
<testsuite xmlns:xsi="http://www.w3.org/2001/XMLSchema-instance" xsi:noNamespaceSchemaLocation="https://maven.apache.org/surefire/maven-surefire-plugin/xsd/surefire-test-report-3.0.xsd" version="3.0" name="TestSuite" time="37.814" tests="2" errors="0" skipped="0" failures="1">
  <properties>
[...]
</properties>
  <testcase name="runScenario[&quot;Add New Student&quot;, &quot;Framework Enhancement test&quot;](1)" classname="com.teknotrait.webautomation.runner.TestRunner" time="16.808">
    <system-out><![CDATA[18:14:11.397 [TestNG-PoolService-2] INFO  io.github.bonigarcia.wdm.WebDriverManager - Using geckodriver 0.36.0 (resolved driver for Firefox 141)
18:14:11.397 [TestNG-PoolService-1] INFO  io.github.bonigarcia.wdm.WebDriverManager - Using geckodriver 0.36.0 (resolved driver for Firefox 141)
18:14:11.446 [TestNG-PoolService-2] INFO  io.github.bonigarcia.wdm.WebDriverManager - Exporting webdriver.gecko.driver as C:\Users\Teknotrait Solutions\.cache\selenium\geckodriver\win64\0.36.0\geckodriver.exe
18:14:11.446 [TestNG-PoolService-1] INFO  io.github.bonigarcia.wdm.WebDriverManager - Exporting webdriver.gecko.driver as C:\Users\Teknotrait Solutions\.cache\selenium\geckodriver\win64\0.36.0\geckodriver.exe
18:14:19.493 [TestNG-PoolService-2] INFO  com.teknotrait.webautomation.stepDefinitions.Test1 - Application Launched successfully with Valid Credentials
18:14:20.153 [TestNG-PoolService-1] INFO  com.teknotrait.webautomation.stepDefinitions.Test1 - Application Launched successfully with Valid Credentials
18:14:20.635 [TestNG-PoolService-2] INFO  com.teknotrait.webautomation.stepDefinitions.Test2 - Selected My school successfully
18:14:20.928 [TestNG-PoolService-2] INFO  com.teknotrait.webautomation.stepDefinitions.Test2 - Selected My student successfully
18:14:20.928 [TestNG-PoolService-2] INFO  com.teknotrait.webautomation.stepDefinitions.Test2 - Status is clicked
18:14:21.354 [TestNG-PoolService-1] INFO  com.teknotrait.webautomation.stepDefinitions.Test1 - Selected My school successfully
18:14:21.557 [TestNG-PoolService-1] INFO  com.teknotrait.webautomation.stepDefinitions.Test1 - Selected Students successfully
18:14:22.233 [TestNG-PoolService-1] INFO  com.teknotrait.webautomation.stepDefinitions.Test1 - Add New Student button selected successfully
Select Level[[FirefoxDriver: firefox on windows (8c4b9eef-935c-4b49-87dd-3c58bd7bb971)] -> xpath: //div[@class='input-filed']//select[contains(@class,'select-dropdown form-select custom-input')]]
18:14:24.890 [TestNG-PoolService-1] INFO  com.teknotrait.webautomation.stepDefinitions.Test1 - Student Details are added successfully
✅ Student 'John Doe' successfully created and verified.
18:14:26.004 [TestNG-PoolService-1] INFO  com.teknotrait.webautomation.stepDefinitions.Test1 - Student Details are verified successfully
 Line Protocol: test_results,feature=Add_New_Student,status=pass duration=15037i,errorMessage="",testName="Add New Student" 1754484266355
✅ Point sent to InfluxDB successfully.
Checking log file: C:\Users\Teknotrait Solutions\eclipse-workspace\Abinaya\tekno-automate\logs\Add_New_Student_20250806_181410.log
Exists: true
]]></system-out>
  </testcase>
  <testcase name="runScenario[&quot;Verify Active / Inactive Filter features on Student Page&quot;, &quot;Framework Enhancement test&quot;](2)" classname="com.teknotrait.webautomation.runner.TestRunner" time="31.389">
    <failure message="Cannot invoke &quot;org.openqa.selenium.WebDriver.getClass()&quot; because &quot;exceptionDriver&quot; is null" type="java.lang.NullPointerException"><![CDATA[java.lang.NullPointerException: Cannot invoke "org.openqa.selenium.WebDriver.getClass()" because "exceptionDriver" is null
	at org.openqa.selenium.support.ui.WebDriverWait.timeoutException(WebDriverWait.java:85)
	at org.openqa.selenium.support.ui.FluentWait.until(FluentWait.java:228)
	at com.teknotrait.webautomation.webActions.WebPageActions.waitForElementToBeClickable(WebPageActions.java:580)
	at com.teknotrait.webautomation.pages.HomePage.inActiveStatus(HomePage.java:70)
	at com.teknotrait.webautomation.stepDefinitions.Test2.verify_all_the_records_displayed_should_be_inactive(Test2.java:45)
	at ✽.Verify all the records displayed should be inactive(file:///C:/Users/Teknotrait%20Solutions/eclipse-workspace/Abinaya/tekno-automate/src/test/resources/featureFile/Test2.feature:28)
]]></failure>
    <system-out><![CDATA[ Line Protocol: test_results,feature=Verify_Active___Inactive_Filter_features_on_Student_Page,status=fail duration=30034i,errorMessage="FAILED",testName="Verify Active / Inactive Filter features on Student Page" 1754484281004
✅ Point sent to InfluxDB successfully.
Checking log file: C:\Users\Teknotrait Solutions\eclipse-workspace\Abinaya\tekno-automate\logs\Verify_Active___Inactive_Filter_features_on_Student_Page_20250806_181410.log
Exists: true
]]></system-out>
  </testcase>
</testsuite>