<?xml version="1.0" encoding="UTF-8"?>
<testng-results ignored="0" total="2" passed="1" failed="1" skipped="0">
  <reporter-output>
  </reporter-output>
  <suite started-at="2025-08-06T18:14:10 IST" name="Surefire suite" finished-at="2025-08-06T18:14:47 IST" duration-ms="36804">
    <groups>
      <group name="cucumber">
        <method signature="AbstractTestNGCucumberTests.runScenario(io.cucumber.testng.PickleWrapper,io.cucumber.testng.FeatureWrapper)[pri:0, instance:com.teknotrait.webautomation.runner.TestRunner@e54303]" name="runScenario" class="io.cucumber.testng.AbstractTestNGCucumberTests"/>
      </group> <!-- cucumber -->
    </groups>
    <test started-at="2025-08-06T18:14:10 IST" name="Surefire test" finished-at="2025-08-06T18:14:47 IST" duration-ms="36804">
      <class name="com.teknotrait.webautomation.runner.TestRunner">
        <test-method is-config="true" signature="setUpClass(org.testng.ITestContext)[pri:0, instance:com.teknotrait.webautomation.runner.TestRunner@e54303]" started-at="2025-08-06T18:14:10 IST" name="setUpClass" finished-at="2025-08-06T18:14:10 IST" duration-ms="209" status="PASS">
          <params>
            <param index="0">
              <value>
                <![CDATA[org.testng.TestRunner@252f626c]]>
              </value>
            </param>
          </params>
          <reporter-output>
          </reporter-output>
        </test-method> <!-- setUpClass -->
        <test-method signature="runScenario(io.cucumber.testng.PickleWrapper,io.cucumber.testng.FeatureWrapper)[pri:0, instance:com.teknotrait.webautomation.runner.TestRunner@e54303]" started-at="2025-08-06T18:14:10 IST" name="runScenario" description="Runs Cucumber Scenarios" data-provider="scenarios" finished-at="2025-08-06T18:14:27 IST" duration-ms="16812" status="PASS">
          <params>
            <param index="0">
              <value>
                <![CDATA["Add New Student"]]>
              </value>
            </param>
            <param index="1">
              <value>
                <![CDATA["Framework Enhancement test"]]>
              </value>
            </param>
          </params>
          <reporter-output>
          </reporter-output>
        </test-method> <!-- runScenario -->
        <test-method signature="runScenario(io.cucumber.testng.PickleWrapper,io.cucumber.testng.FeatureWrapper)[pri:0, instance:com.teknotrait.webautomation.runner.TestRunner@e54303]" started-at="2025-08-06T18:14:10 IST" name="runScenario" description="Runs Cucumber Scenarios" data-provider="scenarios" finished-at="2025-08-06T18:14:42 IST" duration-ms="31384" status="FAIL">
          <params>
            <param index="0">
              <value>
                <![CDATA["Verify Active / Inactive Filter features on Student Page"]]>
              </value>
            </param>
            <param index="1">
              <value>
                <![CDATA["Framework Enhancement test"]]>
              </value>
            </param>
          </params>
          <exception class="java.lang.NullPointerException">
            <message>
              <![CDATA[Cannot invoke "org.openqa.selenium.WebDriver.getClass()" because "exceptionDriver" is null]]>
            </message>
            <full-stacktrace>
              <![CDATA[java.lang.NullPointerException: Cannot invoke "org.openqa.selenium.WebDriver.getClass()" because "exceptionDriver" is null
at org.openqa.selenium.support.ui.WebDriverWait.timeoutException(WebDriverWait.java:85)
at org.openqa.selenium.support.ui.FluentWait.until(FluentWait.java:228)
at com.teknotrait.webautomation.webActions.WebPageActions.waitForElementToBeClickable(WebPageActions.java:580)
at com.teknotrait.webautomation.pages.HomePage.inActiveStatus(HomePage.java:70)
at com.teknotrait.webautomation.stepDefinitions.Test2.verify_all_the_records_displayed_should_be_inactive(Test2.java:45)
at ✽.Verify all the records displayed should be inactive(file:///C:/Users/Teknotrait%20Solutions/eclipse-workspace/Abinaya/tekno-automate/src/test/resources/featureFile/Test2.feature:28)
]]>
            </full-stacktrace>
          </exception> <!-- java.lang.NullPointerException -->
          <reporter-output>
          </reporter-output>
        </test-method> <!-- runScenario -->
        <test-method is-config="true" signature="tearDownClass()[pri:0, instance:com.teknotrait.webautomation.runner.TestRunner@e54303]" started-at="2025-08-06T18:14:42 IST" name="tearDownClass" finished-at="2025-08-06T18:14:47 IST" duration-ms="5163" status="PASS">
          <reporter-output>
          </reporter-output>
        </test-method> <!-- tearDownClass -->
      </class> <!-- com.teknotrait.webautomation.runner.TestRunner -->
    </test> <!-- Surefire test -->
  </suite> <!-- Surefire suite -->
</testng-results>
