<?xml version="1.0" encoding="UTF-8"?>
<!-- Generated by org.testng.reporters.JUnitReportReporter -->
<testsuite hostname="DESKTOP-MUSQ4S1" failures="0" tests="1" name="com.teknotrait.webautomation.runner.TestRunner" time="20.167" errors="1" timestamp="2025-07-30T16:39:05 IST" skipped="0">
  <testcase classname="com.teknotrait.webautomation.runner.TestRunner" name="runScenario" time="20.167">
    <error message="TODO: implement me" type="io.cucumber.java.PendingException">
      <![CDATA[io.cucumber.java.PendingException: TODO: implement me
at com.teknotrait.webautomation.stepDefinitions.StepDefinitions.enter_the_text(StepDefinitions.java:26)
at ✽.Enter the text(file:///C:/Users/Teknotrait%20Solutions/eclipse-workspace/Abinaya/tekno-automate/src/test/resources/featureFile/Test1.feature:26)
]]>
    </error>
  </testcase> <!-- runScenario -->
</testsuite> <!-- com.teknotrait.webautomation.runner.TestRunner -->
