<?xml version="1.0" encoding="UTF-8"?>
<!-- Generated by org.testng.reporters.JUnitReportReporter -->
<testsuite hostname="DESKTOP-MUSQ4S1" failures="0" tests="2" name="com.teknotrait.webautomation.runner.TestRunner" time="48.196" errors="1" timestamp="2025-08-06T18:14:47 IST" skipped="0">
  <testcase classname="com.teknotrait.webautomation.runner.TestRunner" name="runScenario" time="31.384">
    <error message="Cannot invoke &quot;org.openqa.selenium.WebDriver.getClass()&quot; because &quot;exceptionDriver&quot; is null" type="java.lang.NullPointerException">
      <![CDATA[java.lang.NullPointerException: Cannot invoke "org.openqa.selenium.WebDriver.getClass()" because "exceptionDriver" is null
at org.openqa.selenium.support.ui.WebDriverWait.timeoutException(WebDriverWait.java:85)
at org.openqa.selenium.support.ui.FluentWait.until(FluentWait.java:228)
at com.teknotrait.webautomation.webActions.WebPageActions.waitForElementToBeClickable(WebPageActions.java:580)
at com.teknotrait.webautomation.pages.HomePage.inActiveStatus(HomePage.java:70)
at com.teknotrait.webautomation.stepDefinitions.Test2.verify_all_the_records_displayed_should_be_inactive(Test2.java:45)
at ✽.Verify all the records displayed should be inactive(file:///C:/Users/Teknotrait%20Solutions/eclipse-workspace/Abinaya/tekno-automate/src/test/resources/featureFile/Test2.feature:28)
]]>
    </error>
  </testcase> <!-- runScenario -->
  <testcase classname="com.teknotrait.webautomation.runner.TestRunner" name="runScenario" time="16.812"/>
</testsuite> <!-- com.teknotrait.webautomation.runner.TestRunner -->
